This is pdfTeX, Version 3.1415926-2.4-1.40.13 (TeX Live 2012/MacPorts 2012_5) (format=pdflatex 2013.1.29)  2 APR 2013 13:35
entering extended mode
 restricted \write18 enabled.
 %&-line parsing enabled.
**unobs_plan.tex
(./unobs_plan.tex
LaTeX2e <2011/06/27>
Babel <v3.8m> and hyphenation patterns for english, dumylang, nohyphenation, cz
ech, slovak, dutch, ukenglish, usenglishmax, basque, french, german-x-2012-05-3
0, ngerman-x-2012-05-30, german, ngerman, swissgerman, italian, polish, portugu
ese, spanish, catalan, galician, loaded.
(/opt/local/share/texmf-texlive-dist/tex/latex/base/article.cls
Document Class: article 2007/10/19 v1.4h Standard LaTeX document class
(/opt/local/share/texmf-texlive-dist/tex/latex/base/size10.clo
File: size10.clo 2007/10/19 v1.4h Standard LaTeX file (size option)
)
\c@part=\count79
\c@section=\count80
\c@subsection=\count81
\c@subsubsection=\count82
\c@paragraph=\count83
\c@subparagraph=\count84
\c@figure=\count85
\c@table=\count86
\abovecaptionskip=\skip41
\belowcaptionskip=\skip42
\bibindent=\dimen102
)
(/opt/local/share/texmf-texlive-dist/tex/latex/amsmath/amsmath.sty
Package: amsmath 2000/07/18 v2.13 AMS math features
\@mathmargin=\skip43

For additional information on amsmath, use the `?' option.
(/opt/local/share/texmf-texlive-dist/tex/latex/amsmath/amstext.sty
Package: amstext 2000/06/29 v2.01

(/opt/local/share/texmf-texlive-dist/tex/latex/amsmath/amsgen.sty
File: amsgen.sty 1999/11/30 v2.0
\@emptytoks=\toks14
\ex@=\dimen103
))
(/opt/local/share/texmf-texlive-dist/tex/latex/amsmath/amsbsy.sty
Package: amsbsy 1999/11/29 v1.2d
\pmbraise@=\dimen104
)
(/opt/local/share/texmf-texlive-dist/tex/latex/amsmath/amsopn.sty
Package: amsopn 1999/12/14 v2.01 operator names
)
\inf@bad=\count87
LaTeX Info: Redefining \frac on input line 211.
\uproot@=\count88
\leftroot@=\count89
LaTeX Info: Redefining \overline on input line 307.
\classnum@=\count90
\DOTSCASE@=\count91
LaTeX Info: Redefining \ldots on input line 379.
LaTeX Info: Redefining \dots on input line 382.
LaTeX Info: Redefining \cdots on input line 467.
\Mathstrutbox@=\box26
\strutbox@=\box27
\big@size=\dimen105
LaTeX Font Info:    Redeclaring font encoding OML on input line 567.
LaTeX Font Info:    Redeclaring font encoding OMS on input line 568.
\macc@depth=\count92
\c@MaxMatrixCols=\count93
\dotsspace@=\muskip10
\c@parentequation=\count94
\dspbrk@lvl=\count95
\tag@help=\toks15
\row@=\count96
\column@=\count97
\maxfields@=\count98
\andhelp@=\toks16
\eqnshift@=\dimen106
\alignsep@=\dimen107
\tagshift@=\dimen108
\tagwidth@=\dimen109
\totwidth@=\dimen110
\lineht@=\dimen111
\@envbody=\toks17
\multlinegap=\skip44
\multlinetaggap=\skip45
\mathdisplay@stack=\toks18
LaTeX Info: Redefining \[ on input line 2666.
LaTeX Info: Redefining \] on input line 2667.
)
(./unobs_plan.aux)
\openout1 = `unobs_plan.aux'.

LaTeX Font Info:    Checking defaults for OML/cmm/m/it on input line 6.
LaTeX Font Info:    ... okay on input line 6.
LaTeX Font Info:    Checking defaults for T1/cmr/m/n on input line 6.
LaTeX Font Info:    ... okay on input line 6.
LaTeX Font Info:    Checking defaults for OT1/cmr/m/n on input line 6.
LaTeX Font Info:    ... okay on input line 6.
LaTeX Font Info:    Checking defaults for OMS/cmsy/m/n on input line 6.
LaTeX Font Info:    ... okay on input line 6.
LaTeX Font Info:    Checking defaults for OMX/cmex/m/n on input line 6.
LaTeX Font Info:    ... okay on input line 6.
LaTeX Font Info:    Checking defaults for U/cmr/m/n on input line 6.
LaTeX Font Info:    ... okay on input line 6.
 [1

{/opt/local/var/db/texmf/fonts/map/pdftex/updmap/pdftex.map}]

LaTeX Warning: Citation `koller09' on page 2 undefined on input line 33.


LaTeX Warning: Citation `koller09' on page 2 undefined on input line 33.


LaTeX Warning: Citation `koller09' on page 2 undefined on input line 33.


LaTeX Warning: Citation `koller09' on page 2 undefined on input line 33.


LaTeX Warning: Citation `friedman03' on page 2 undefined on input line 35.


LaTeX Warning: Citation `boyen99' on page 2 undefined on input line 37.


LaTeX Warning: Citation `elidan00' on page 2 undefined on input line 37.


LaTeX Warning: Citation `elidan01' on page 2 undefined on input line 37.


LaTeX Warning: Citation `elidan05' on page 2 undefined on input line 37.


LaTeX Warning: Citation `friedman97b' on page 2 undefined on input line 37.


LaTeX Warning: Citation `friedman98' on page 2 undefined on input line 37.


LaTeX Warning: Citation `Friedman:1999vw' on page 2 undefined on input line 37.



LaTeX Warning: Citation `Geiger:1998tw' on page 2 undefined on input line 37.


LaTeX Warning: Citation `Kearns:1998wn' on page 2 undefined on input line 37.


LaTeX Warning: Citation `pellet08' on page 2 undefined on input line 37.


LaTeX Warning: Citation `Zhang:2004uh' on page 2 undefined on input line 37.

LaTeX Font Info:    Try loading font information for OMS+cmr on input line 76.
(/opt/local/share/texmf-texlive-dist/tex/latex/base/omscmr.fd
File: omscmr.fd 1999/05/25 v2.5h Standard LaTeX font definitions
)
LaTeX Font Info:    Font shape `OMS/cmr/m/n' in size <10> not available
(Font)              Font shape `OMS/cmsy/m/n' tried instead on input line 76.
 [2]
Underfull \hbox (badness 10000) in paragraph at lines 109--110

 []


Underfull \hbox (badness 10000) in paragraph at lines 112--114

 []

[3]
Underfull \hbox (badness 10000) in paragraph at lines 116--119

 []


Underfull \hbox (badness 10000) in paragraph at lines 121--123

 []


Underfull \hbox (badness 10000) in paragraph at lines 125--127

 []


Overfull \hbox (5.04027pt too wide) detected at line 148
\OML/cmm/m/it/10 r [] \OT1/cmr/m/n/10 = []
 []

[4]
No file unobs_plan.bbl.
[5] (./unobs_plan.aux)

LaTeX Warning: There were undefined references.

 ) 
Here is how much of TeX's memory you used:
 882 strings out of 494763
 10035 string characters out of 3171442
 64647 words of memory out of 3000000
 4159 multiletter control sequences out of 15000+200000
 9988 words of font info for 36 fonts, out of 3000000 for 9000
 134 hyphenation exceptions out of 8191
 27i,21n,21p,511b,222s stack positions out of 5000i,500n,10000p,200000b,50000s
</opt/local/share/texmf-texlive-dist/fonts/type1/public/amsfonts/cm/cmbx10.pf
b></opt/local/share/texmf-texlive-dist/fonts/type1/public/amsfonts/cm/cmbx12.pf
b></opt/local/share/texmf-texlive-dist/fonts/type1/public/amsfonts/cm/cmbx7.pfb
></opt/local/share/texmf-texlive-dist/fonts/type1/public/amsfonts/cm/cmex10.pfb
></opt/local/share/texmf-texlive-dist/fonts/type1/public/amsfonts/cm/cmmi10.pfb
></opt/local/share/texmf-texlive-dist/fonts/type1/public/amsfonts/cm/cmmi5.pfb>
</opt/local/share/texmf-texlive-dist/fonts/type1/public/amsfonts/cm/cmmi7.pfb><
/opt/local/share/texmf-texlive-dist/fonts/type1/public/amsfonts/cm/cmr10.pfb></
opt/local/share/texmf-texlive-dist/fonts/type1/public/amsfonts/cm/cmr12.pfb></o
pt/local/share/texmf-texlive-dist/fonts/type1/public/amsfonts/cm/cmr17.pfb></op
t/local/share/texmf-texlive-dist/fonts/type1/public/amsfonts/cm/cmr5.pfb></opt/
local/share/texmf-texlive-dist/fonts/type1/public/amsfonts/cm/cmr7.pfb></opt/lo
cal/share/texmf-texlive-dist/fonts/type1/public/amsfonts/cm/cmsy10.pfb></opt/lo
cal/share/texmf-texlive-dist/fonts/type1/public/amsfonts/cm/cmsy5.pfb></opt/loc
al/share/texmf-texlive-dist/fonts/type1/public/amsfonts/cm/cmsy7.pfb></opt/loca
l/share/texmf-texlive-dist/fonts/type1/public/amsfonts/cm/cmti10.pfb>
Output written on unobs_plan.pdf (5 pages, 187421 bytes).
PDF statistics:
 84 PDF objects out of 1000 (max. 8388607)
 60 compressed objects within 1 object stream
 0 named destinations out of 1000 (max. 500000)
 1 words of extra memory for PDF output out of 10000 (max. 10000000)

